Command line:
   serial2parallel_tb_isim_beh.exe
     -simmode  gui
     -simrunnum  0
     -socket  59667

Tue Aug 29 16:10:33 2017


 Elaboration Time: 0 sec

 Current Memory Usage: 195.981 Meg

 Total Signals          : 11
 Total Nets             : 15
 Total Signal Drivers   : 6
 Total Blocks           : 5
 Total Primitive Blocks : 4
 Total Processes        : 5
 Total Traceable Variables  : 16
 Total Scalar Nets and Variables : 515
Total Line Count : 55

 Total Simulation Time: 0.01 sec

 Current Memory Usage: 271.483 Meg

Tue Aug 29 16:11:28 2017

